<?xml version="1.0" encoding="UTF-8"?>
<testng-results skipped="0" failed="0" total="0" passed="0">
  <reporter-output>
  </reporter-output>
  <suite name="com.piotrowski.serviceTest.RoomServiceTest" duration-ms="1" started-at="2017-05-12T11:44:26Z" finished-at="2017-05-12T11:44:26Z">
    <groups>
    </groups>
    <test name="Command line test" duration-ms="1" started-at="2017-05-12T11:44:26Z" finished-at="2017-05-12T11:44:26Z">
    </test> <!-- Command line test -->
  </suite> <!-- com.piotrowski.serviceTest.RoomServiceTest -->
</testng-results>
